<?xml version="1.0" encoding="UTF-8"?>
<!-- Generated by org.testng.reporters.JUnitReportReporter -->
<testsuite hostname="192.168.1.2" failures="0" tests="1" name="com.teststep.demo.testcases.GetRequest" time="2.498" errors="0" timestamp="2023-12-19T14:47:46 IST" skipped="0">
  <testcase classname="com.teststep.demo.testcases.GetRequest" name="ReqRestGetRequest" time="2.498"/>
  <system-out/>
</testsuite> <!-- com.teststep.demo.testcases.GetRequest -->
